<?xml version="1.0" encoding="UTF-8"?>
<!-- Generated by org.testng.reporters.JUnitReportReporter -->
<testsuite hostname="LAPTOP-J9CD9EFN" failures="0" tests="1" name="testCases.accountregistrationtest" time="7.356" errors="0" timestamp="2023-10-24T11:48:11 IST" skipped="0">
  <testcase classname="testCases.accountregistrationtest" name="test_account_Registration" time="7.356"/>
</testsuite> <!-- testCases.accountregistrationtest -->
