<?xml version="1.0" encoding="UTF-8"?>
<!-- Generated by org.testng.reporters.JUnitReportReporter -->
<testsuite hostname="LAPTOP-J9CD9EFN" failures="0" tests="1" name="testCases.LoginTest" time="4.986" errors="0" timestamp="2023-10-24T11:48:11 IST" skipped="0">
  <testcase classname="testCases.LoginTest" name="test_login" time="4.986"/>
</testsuite> <!-- testCases.LoginTest -->
